<?xml version="1.0" encoding="UTF-8"?>
<!-- Generated by org.testng.reporters.JUnitReportReporter -->
<testsuite hostname="IN2361417W3" failures="0" tests="2" name="com.orangehrm.tests.OrangeHRMSmoke" time="6.584" errors="0" timestamp="2021-09-20T10:20:04 IST" skipped="0">
  <testcase classname="com.orangehrm.tests.OrangeHRMSmoke" name="TC001" time="2.684"/>
  <system-out/>
  <testcase classname="com.orangehrm.tests.OrangeHRMSmoke" name="TC001" time="3.900"/>
  <system-out/>
</testsuite> <!-- com.orangehrm.tests.OrangeHRMSmoke -->
